<?xml version="1.0" encoding="UTF-8"?>
<testsuite xmlns:xsi="http://www.w3.org/2001/XMLSchema-instance" xsi:noNamespaceSchemaLocation="https://maven.apache.org/surefire/maven-surefire-plugin/xsd/surefire-test-report.xsd" name="it.wang.AppTest" time="0.035" tests="1" errors="0" skipped="0" failures="0">
  <properties>
    <property name="sun.desktop" value="windows"/>
    <property name="awt.toolkit" value="sun.awt.windows.WToolkit"/>
    <property name="file.encoding.pkg" value="sun.io"/>
    <property name="java.specification.version" value="1.8"/>
    <property name="sun.cpu.isalist" value="amd64"/>
    <property name="sun.jnu.encoding" value="GBK"/>
    <property name="java.class.path" value="E:\egoidea\ego-pojo\target\test-classes;E:\egoidea\ego-pojo\target\classes;D:\mvnRespo\repository\junit\junit\4.11\junit-4.11.jar;D:\mvnRespo\repository\org\hamcrest\hamcrest-core\1.3\hamcrest-core-1.3.jar;"/>
    <property name="java.vm.vendor" value="Oracle Corporation"/>
    <property name="sun.arch.data.model" value="64"/>
    <property name="user.variant" value=""/>
    <property name="java.vendor.url" value="http://java.oracle.com/"/>
    <property name="user.timezone" value="Asia/Shanghai"/>
    <property name="java.vm.specification.version" value="1.8"/>
    <property name="os.name" value="Windows 7"/>
    <property name="user.country" value="CN"/>
    <property name="sun.java.launcher" value="SUN_STANDARD"/>
    <property name="sun.boot.library.path" value="D:\javasoft\jdk1.8.0_171\jre\bin"/>
    <property name="sun.java.command" value="C:\Users\SH-WAN~1\AppData\Local\Temp\surefire7382613867394229973\surefirebooter4284618526019646273.jar C:\Users\sh-wangbs\AppData\Local\Temp\surefire7382613867394229973 2019-03-31T14-23-31_217-jvmRun1 surefire903154685444857885tmp surefire_02959180537489409674tmp"/>
    <property name="surefire.test.class.path" value="E:\egoidea\ego-pojo\target\test-classes;E:\egoidea\ego-pojo\target\classes;D:\mvnRespo\repository\junit\junit\4.11\junit-4.11.jar;D:\mvnRespo\repository\org\hamcrest\hamcrest-core\1.3\hamcrest-core-1.3.jar;"/>
    <property name="sun.cpu.endian" value="little"/>
    <property name="user.home" value="C:\Users\sh-wangbs"/>
    <property name="user.language" value="zh"/>
    <property name="java.specification.vendor" value="Oracle Corporation"/>
    <property name="java.home" value="D:\javasoft\jdk1.8.0_171\jre"/>
    <property name="basedir" value="E:\egoidea\ego-pojo"/>
    <property name="file.separator" value="\"/>
    <property name="line.separator" value="&#10;"/>
    <property name="java.vm.specification.vendor" value="Oracle Corporation"/>
    <property name="java.specification.name" value="Java Platform API Specification"/>
    <property name="java.awt.graphicsenv" value="sun.awt.Win32GraphicsEnvironment"/>
    <property name="surefire.real.class.path" value="C:\Users\SH-WAN~1\AppData\Local\Temp\surefire7382613867394229973\surefirebooter4284618526019646273.jar"/>
    <property name="sun.boot.class.path" value="D:\javasoft\jdk1.8.0_171\jre\lib\resources.jar;D:\javasoft\jdk1.8.0_171\jre\lib\rt.jar;D:\javasoft\jdk1.8.0_171\jre\lib\sunrsasign.jar;D:\javasoft\jdk1.8.0_171\jre\lib\jsse.jar;D:\javasoft\jdk1.8.0_171\jre\lib\jce.jar;D:\javasoft\jdk1.8.0_171\jre\lib\charsets.jar;D:\javasoft\jdk1.8.0_171\jre\lib\jfr.jar;D:\javasoft\jdk1.8.0_171\jre\classes"/>
    <property name="user.script" value=""/>
    <property name="sun.management.compiler" value="HotSpot 64-Bit Tiered Compilers"/>
    <property name="java.runtime.version" value="1.8.0_171-b11"/>
    <property name="user.name" value="sh-wangbs"/>
    <property name="path.separator" value=";"/>
    <property name="os.version" value="6.1"/>
    <property name="java.endorsed.dirs" value="D:\javasoft\jdk1.8.0_171\jre\lib\endorsed"/>
    <property name="java.runtime.name" value="Java(TM) SE Runtime Environment"/>
    <property name="file.encoding" value="GBK"/>
    <property name="java.vm.name" value="Java HotSpot(TM) 64-Bit Server VM"/>
    <property name="localRepository" value="D:\mvnRespo\repository"/>
    <property name="java.vendor.url.bug" value="http://bugreport.sun.com/bugreport/"/>
    <property name="java.io.tmpdir" value="C:\Users\SH-WAN~1\AppData\Local\Temp\"/>
    <property name="idea.version" value="2017.1.3"/>
    <property name="java.version" value="1.8.0_171"/>
    <property name="user.dir" value="E:\egoidea\ego-pojo"/>
    <property name="os.arch" value="amd64"/>
    <property name="java.vm.specification.name" value="Java Virtual Machine Specification"/>
    <property name="java.awt.printerjob" value="sun.awt.windows.WPrinterJob"/>
    <property name="sun.os.patch.level" value="Service Pack 1"/>
    <property name="java.library.path" value="D:\javasoft\jdk1.8.0_171\jre\bin;C:\Windows\Sun\Java\bin;C:\Windows\system32;C:\Windows;C:\oraclexe\app\oracle\product\11.2.0\server\bin;C:\Program Files (x86)\Common Files\Oracle\Java\javapath;C:\Windows\system32;C:\Windows;C:\Windows\System32\Wbem;C:\Windows\System32\WindowsPowerShell\v1.0\;D:\javasoft\jdk1.8.0_171\bin;D:\othersoft\apache-maven-3.5.4\bin;C:\Program Files\TortoiseGit\bin;D:\othersoft\gradle-3.1-bin\anzhuang\gradle-3.1\bin;D:\othersoft\SecureCRT\anzhuang2\;C:\Program Files\MySQL\MySQL Server 8.0\bin;D:\othersoft\git\anzhuang\cmd;;D:\othersoft\docker\anzhuang;D:\othersoft\docker\anzhuang;D:\othersoft\docker\anzhuang;D:\othersoft\docker\anzhuang;."/>
    <property name="java.vm.info" value="mixed mode"/>
    <property name="java.vendor" value="Oracle Corporation"/>
    <property name="java.vm.version" value="25.171-b11"/>
    <property name="java.ext.dirs" value="D:\javasoft\jdk1.8.0_171\jre\lib\ext;C:\Windows\Sun\Java\lib\ext"/>
    <property name="sun.io.unicode.encoding" value="UnicodeLittle"/>
    <property name="maven.repo.local" value="D:\mvnRespo\repository"/>
    <property name="java.class.version" value="52.0"/>
  </properties>
  <testcase name="shouldAnswerWithTrue" classname="it.wang.AppTest" time="0.001"/>
</testsuite>